Arguments: 
  C:\Program Files\nodejs\node.exe C:\Users\DatPham\AppData\Roaming\npm\node_modules\yarn\bin\yarn.js install

PATH: 
  C:\Python39\Scripts\;C:\Python39\;C:\Windows\system32;C:\Windows;C:\Windows\System32\Wbem;C:\Windows\System32\WindowsPowerShell\v1.0\;C:\Windows\System32\OpenSSH\;C:\Program Files (x86)\mingw-w64\i686-8.1.0-posix-dwarf-rt_v6-rev0\mingw32\bin;C:\Program Files\Git\cmd;C:\Program Files\nodejs\;C:\ProgramData\chocolatey\bin;C:\Users\DatPham\AppData\Local\Microsoft\WindowsApps;;C:\Users\DatPham\AppData\Local\Programs\Microsoft VS Code\bin;C:\Users\DatPham\AppData\Roaming\npm;C:\Users\DatPham\AppData\Roaming\cabal\bin;C:\tools\ghc-9.0.1\bin;C:\tools\msys64;

Yarn version: 
  1.22.10

Node version: 
  14.16.1

Platform: 
  win32 x64

Trace: 
  SyntaxError: C:\Users\DatPham\Desktop\New folder (2)\learningExpress\package.json: Unexpected string in JSON at position 263
      at JSON.parse (<anonymous>)
      at C:\Users\DatPham\AppData\Roaming\npm\node_modules\yarn\lib\cli.js:1625:59
      at Generator.next (<anonymous>)
      at step (C:\Users\DatPham\AppData\Roaming\npm\node_modules\yarn\lib\cli.js:310:30)
      at C:\Users\DatPham\AppData\Roaming\npm\node_modules\yarn\lib\cli.js:321:13

npm manifest: 
  {
    "name": "learningexpress",
    "version": "1.0.0",
    "description": "",
    "main": "src/index.js",
    "scripts": {
      "test": "echo \"Error: no test specified\" && exit 1",
      "watch": "node-sass src/resources/scss/app.scss src/public/css/app.css [output]"
      "start": "nodemon src/index.js"
    },
    "author": "",
    "license": "ISC",
    "dependencies": {
      "express": "^4.17.1",
      "express-handlebars": "^5.3.3"
    },
    "devDependencies": {
      "morgan": "^1.10.0",
      "node-sass": "^4.14.1",
      "nodemon": "^2.0.12"
    }
  }

yarn manifest: 
  No manifest

Lockfile: 
  No lockfile
